---------------------------------------------------------------------------------------------------------------------------------
       log:  C:\Research\AshrafGalor\paper\genetic\Final\empirics\results\TableD2.log
  log type:  text
 opened on:  28 Mar 2012, 15:47:40

. use "data\country.dta", clear ;

. /* -------- */
> /* COLUMN 1 */
> /* -------- */
> 
> preserve ;

. drop if cleanlim == 0 ;
(187 observations deleted)

. x_ols2 conley_coord1 conley_coord2 conley_cutoff1 conley_cutoff2 
>        ln_pd1500 adiv adiv_sqr conley_const, xreg(3) coord(2) ;


     Results for Cross Sectional OLS corrected for Spatial Dependence

                                   number of observations=  21
 Dependent Variable= ln_pd1500

variable              ols estimates   White s.e.   s.e. corrected    P>|z| corrected
--------              -------------   ----------   --------------    ---------------
adiv                  413.50443       122.27926    85.389343         1.282e-06
adiv_sqr              -302.64677      91.083182    64.266769         2.487e-06
conley_const          -138.88888      40.712525    28.00378          7.062e-07

. restore ;

. /* -------- */
> /* COLUMN 2 */
> /* -------- */
> 
> preserve ;

. drop if cleanlim == 0 ;
(187 observations deleted)

. x_ols2 conley_coord1 conley_coord2 conley_cutoff1 conley_cutoff2 
>        ln_pd1500 ln_yst conley_const, xreg(2) coord(2) ;


     Results for Cross Sectional OLS corrected for Spatial Dependence

                                   number of observations=  21
 Dependent Variable= ln_pd1500

variable              ols estimates   White s.e.   s.e. corrected    P>|z| corrected
--------              -------------   ----------   --------------    ---------------
ln_yst                2.3957303       .50696173    .2492449          0
conley_const          -18.815944      4.2374423    2.0909045         0

. restore ;

. /* -------- */
> /* COLUMN 3 */
> /* -------- */
> 
> preserve ;

. drop if cleanlim == 0 ;
(187 observations deleted)

. x_ols2 conley_coord1 conley_coord2 conley_cutoff1 conley_cutoff2 
>        ln_pd1500 ln_arable ln_abslat ln_suitavg conley_const, xreg(4) coord(2) ;


     Results for Cross Sectional OLS corrected for Spatial Dependence

                                   number of observations=  21
 Dependent Variable= ln_pd1500

variable              ols estimates   White s.e.   s.e. corrected    P>|z| corrected
--------              -------------   ----------   --------------    ---------------
ln_arable             .72992489       .29274937    .26336476         .00557925
ln_abslat             .14462792       .2693907     .1801897          .42218137
ln_suitavg            .73411926       .34091751    .37593713         .0508467
conley_const          .23173746       .96688612    .96189046         .80961806

. restore ;

. /* -------- */
> /* COLUMN 4 */
> /* -------- */
> 
> preserve ;

. drop if cleanlim == 0 ;
(187 observations deleted)

. x_ols2 conley_coord1 conley_coord2 conley_cutoff1 conley_cutoff2 
>        ln_pd1500 adiv adiv_sqr ln_yst ln_arable ln_abslat ln_suitavg conley_const, xreg(7) coord(2) ;


     Results for Cross Sectional OLS corrected for Spatial Dependence

                                   number of observations=  21
 Dependent Variable= ln_pd1500

variable              ols estimates   White s.e.   s.e. corrected    P>|z| corrected
--------              -------------   ----------   --------------    ---------------
adiv                  225.44042       87.578458    55.428185         .00004757
adiv_sqr              -161.15826      66.018463    42.210606         .00013456
ln_yst                1.2135867       .44593666    .27060193         7.299e-06
ln_arable             .51612183       .21703       .13177624         .00008979
ln_abslat             -.16239422      .16555947    .08384146         .05275509
ln_suitavg            .57114612       .22099553    .23988968         .01727181
conley_const          -87.146426      26.837554    17.021975         3.061e-07

. restore ;

. /* -------- */
> /* COLUMN 5 */
> /* -------- */
> 
> preserve ;

. drop if cleanlim == 0 ;
(187 observations deleted)

. x_ols2 conley_coord1 conley_coord2 conley_cutoff1 conley_cutoff2 
>        ln_pd1500 adiv adiv_sqr ln_yst ln_arable ln_abslat ln_suitavg africa europe americas conley_const, xreg(10) coord(2) ;


     Results for Cross Sectional OLS corrected for Spatial Dependence

                                   number of observations=  21
 Dependent Variable= ln_pd1500

variable              ols estimates   White s.e.   s.e. corrected    P>|z| corrected
--------              -------------   ----------   --------------    ---------------
adiv                  203.81411       118.49742    65.681091         .00191514
adiv_sqr              -145.71693      94.337727    53.561722         .0065175
ln_yst                1.1349185       .61454295    .36659381         .00196251
ln_arable             .5447874        .28932769    .17816874         .00223039
ln_abslat             -.12856062      .2116069     .10082831         .20229335
ln_suitavg            .58690059       .25884213    .23254943         .01161048
africa                -.25094591      1.3266623    .62056315         .68593025
europe                -.49805437      .556732      .49729502         .31657213
americas              -.44804876      1.3833387    .85816097         .60159832
conley_const          -78.844597      36.87271     18.569715         .00002177

. restore ;

. log close ;
       log:  C:\Research\AshrafGalor\paper\genetic\Final\empirics\results\TableD2.log
  log type:  text
 closed on:  28 Mar 2012, 15:47:40
---------------------------------------------------------------------------------------------------------------------------------
